2025-10-26 18:10:34,988 | INFO | Reading alerts from alerts.json
2025-10-26 18:10:34,989 | INFO | Severity counts:
2025-10-26 18:10:34,989 | INFO |   Critical 1
2025-10-26 18:10:34,989 | INFO |   High     1
2025-10-26 18:10:34,989 | INFO |   Medium   2
2025-10-26 18:10:34,989 | INFO |   Low      1
2025-10-26 18:10:34,989 | INFO | Top alerts:
2025-10-26 18:10:34,989 | INFO |   [Critical] L12 | 2025-10-26T21:11:12.333Z | dc-server | Ransomware behavior detected
2025-10-26 18:10:34,989 | INFO |   [  High  ] L10 | 2025-10-26T21:07:42.002Z | win11-host | Suspicious PowerShell execution
2025-10-26 18:10:34,989 | INFO |   [ Medium ] L 7 | 2025-10-26T21:05:10.555Z | kali-lab | Multiple failed SSH logins
2025-10-26 18:10:34,989 | INFO |   [ Medium ] L 5 | 2025-10-26T21:09:31.902Z | suricata-sensor | Possible port scan detected
2025-10-26 18:10:34,989 | INFO |   [  Low   ] L 3 | 2025-10-26T21:00:00.123Z | ubuntu-web | SSH successful login
2025-10-26 18:10:34,990 | INFO | Saved summary.json for the next AI step.
2025-10-26 18:13:37,175 | INFO | Reading alerts from alerts.json
2025-10-26 18:13:37,175 | INFO | Severity counts:
2025-10-26 18:13:37,175 | INFO |   Critical 1
2025-10-26 18:13:37,175 | INFO |   High     1
2025-10-26 18:13:37,175 | INFO |   Medium   2
2025-10-26 18:13:37,175 | INFO |   Low      1
2025-10-26 18:13:37,176 | INFO | Top alerts:
2025-10-26 18:13:37,176 | INFO |   [Critical] L12 | 2025-10-26T21:11:12.333Z | dc-server | Ransomware behavior detected
2025-10-26 18:13:37,176 | INFO |   [  High  ] L10 | 2025-10-26T21:07:42.002Z | win11-host | Suspicious PowerShell execution
2025-10-26 18:13:37,176 | INFO |   [ Medium ] L 7 | 2025-10-26T21:05:10.555Z | kali-lab | Multiple failed SSH logins
2025-10-26 18:13:37,176 | INFO |   [ Medium ] L 5 | 2025-10-26T21:09:31.902Z | suricata-sensor | Possible port scan detected
2025-10-26 18:13:37,176 | INFO |   [  Low   ] L 3 | 2025-10-26T21:00:00.123Z | ubuntu-web | SSH successful login
2025-10-26 18:13:37,177 | INFO | Saved summary.json for the next AI step.
2025-10-26 18:15:47,447 | INFO | Reading alerts from alerts.json
2025-10-26 18:15:47,447 | INFO | Severity counts:
2025-10-26 18:15:47,447 | INFO |   Critical 1
2025-10-26 18:15:47,447 | INFO |   High     1
2025-10-26 18:15:47,447 | INFO |   Medium   2
2025-10-26 18:15:47,447 | INFO |   Low      1
2025-10-26 18:15:47,447 | INFO | Top alerts:
2025-10-26 18:15:47,447 | INFO |   [Critical] L12 | 2025-10-26T21:11:12.333Z | dc-server | Ransomware behavior detected
2025-10-26 18:15:47,447 | INFO |   [  High  ] L10 | 2025-10-26T21:07:42.002Z | win11-host | Suspicious PowerShell execution
2025-10-26 18:15:47,447 | INFO |   [ Medium ] L 7 | 2025-10-26T21:05:10.555Z | kali-lab | Multiple failed SSH logins
2025-10-26 18:15:47,447 | INFO |   [ Medium ] L 5 | 2025-10-26T21:09:31.902Z | suricata-sensor | Possible port scan detected
2025-10-26 18:15:47,447 | INFO |   [  Low   ] L 3 | 2025-10-26T21:00:00.123Z | ubuntu-web | SSH successful login
2025-10-26 18:15:47,448 | INFO | Saved summary.json for the next AI step.
